{'name': 'Michael Ayers', 'email': 'gregorybrown@yahoo.com', 'phone': '928.766.0589x4708', 'ssn': '521-94-2889', 'address': '9160 Fuller Parks Apt. 892, New Cynthiaborough, NJ 05222'}
{'name': 'Jillian Fernandez', 'email': 'josephbradley@matthews.com', 'phone': '(962)012-5049x5946', 'ssn': '135-64-3904', 'address': '720 Andrew Summit, Sextonfurt, WA 70265'}
{'name': 'Emily Wells', 'email': 'johnsonbrian@hotmail.com', 'phone': '+1-454-167-5542x902', 'ssn': '478-11-1688', 'address': '6138 Malone Courts Apt. 763, East Williamfurt, IA 42512'}
{'name': 'Michael Hicks', 'email': 'mccormickmichael@nixon-singh.com', 'phone': '032.118.7699x4762', 'ssn': '824-33-3640', 'address': '508 Benton Loop Apt. 793, Lake Emilyville, NH 85655'}
{'name': 'Jimmy Salinas', 'email': 'barreraconnie@moreno-garcia.com', 'phone': '169.047.7996x4022', 'ssn': '479-83-8783', 'address': '12476 Cox Mill, Alanbury, LA 70452'}
{'name': 'Barbara Davis', 'email': 'faustin@mcdonald.com', 'phone': '165.045.1289', 'ssn': '443-37-3390', 'address': 'USCGC Hernandez, FPO AP 82812'}
{'name': 'Stephanie Torres', 'email': 'alicia88@gmail.com', 'phone': '(617)306-9384', 'ssn': '517-42-2811', 'address': '0732 Delgado Port, Savannahstad, ID 60891'}
{'name': 'Ian Lee', 'email': 'josephrivera@vasquez-griffin.org', 'phone': '001-571-434-2223x090', 'ssn': '729-11-7239', 'address': '448 Hughes View, East Edwardberg, DC 62592'}
{'name': 'Leslie Romero', 'email': 'wsnyder@jacobs.com', 'phone': '699.269.0479x6794', 'ssn': '857-78-1122', 'address': '7847 Cooper Walks, Lawrenceburgh, ND 21686'}
{'name': 'Denise Ball', 'email': 'eric83@hayes.info', 'phone': '524.887.5394', 'ssn': '573-44-6524', 'address': '5393 Douglas Bridge Apt. 531, Dunnview, CA 55226'}
{'name': 'Jonathan Davis', 'email': 'benjamin25@barrett-collins.com', 'phone': '001-878-412-5852x84932', 'ssn': '793-67-6351', 'address': '87070 Catherine Causeway Apt. 391, East Scott, HI 74652'}
{'name': 'Stephanie Guerrero', 'email': 'stephaniereed@becker.com', 'phone': '7033489657', 'ssn': '170-40-5192', 'address': '216 Hubbard Courts Suite 649, North Aliciabury, NE 54299'}
{'name': 'Linda Houston MD', 'email': 'erin58@jackson.net', 'phone': '001-923-656-9950x06653', 'ssn': '874-88-6724', 'address': 'USCGC Rose, FPO AE 97969'}
{'name': 'Lori Dalton', 'email': 'andrea07@hill-gray.com', 'phone': '2189293909', 'ssn': '896-91-7039', 'address': 'Unit 0666 Box 1806, DPO AE 48751'}
{'name': 'Kevin Cook', 'email': 'henryeric@boyd.com', 'phone': '+1-602-237-4042x957', 'ssn': '058-74-6982', 'address': '538 Price Union Suite 821, Lake Jasonfort, WA 03974'}
{'name': 'Connie Saunders', 'email': 'eric32@jones-perry.com', 'phone': '+1-194-374-5307x81526', 'ssn': '470-97-1637', 'address': '471 Jenkins Plaza, West James, MS 36540'}
{'name': 'Carol Jones', 'email': 'meganstevenson@jones.biz', 'phone': '(196)922-0521', 'ssn': '363-25-2352', 'address': '41255 Molly Courts, Johnshire, MN 36622'}
{'name': 'Whitney Anthony', 'email': 'jwalsh@jones.info', 'phone': '398-007-3413', 'ssn': '270-59-8818', 'address': '9724 Hall Divide, Port Stephaniemouth, WY 35417'}
{'name': 'David Morrison', 'email': 'rcontreras@jones.com', 'phone': '116.013.0850', 'ssn': '594-39-2775', 'address': '7967 Christopher Court Suite 752, Holtmouth, DE 45082'}
{'name': 'Ellen Fischer', 'email': 'jacksonkendra@hotmail.com', 'phone': '001-955-855-8636x390', 'ssn': '874-03-9692', 'address': '6860 Butler Tunnel, Coletown, DC 47965'}
{'name': 'Danielle Guerra', 'email': 'torreschelsea@gmail.com', 'phone': '001-109-064-3243x934', 'ssn': '417-38-7777', 'address': '7169 James Plaza Suite 838, Alexport, NC 63168'}
{'name': 'Kathy Doyle', 'email': 'ethanvalenzuela@alexander-parsons.info', 'phone': '864-845-2570x363', 'ssn': '300-93-6085', 'address': 'USNV Wall, FPO AE 33978'}
{'name': 'Margaret Davis', 'email': 'jonesmegan@hotmail.com', 'phone': '001-941-527-1489', 'ssn': '730-25-1840', 'address': '785 Nguyen Plain, Breannaview, KY 79173'}
{'name': 'Jennifer Thompson', 'email': 'kennedyderek@hotmail.com', 'phone': '001-738-091-0591x56581', 'ssn': '103-29-8135', 'address': '080 Kirsten Village Apt. 661, Port Barbaratown, NM 47913'}
{'name': 'William Hamilton', 'email': 'deanjustin@little.com', 'phone': '857-872-1391', 'ssn': '380-25-2759', 'address': '99692 Campbell Keys, Stevenstad, IN 42758'}
{'name': 'Jessica Arnold', 'email': 'heather66@blanchard.info', 'phone': '+1-445-146-7505x268', 'ssn': '064-39-6799', 'address': '294 Scott Summit Suite 388, Port Michelle, AK 84508'}
{'name': 'Vincent Harris', 'email': 'anthony57@yahoo.com', 'phone': '(428)325-9143', 'ssn': '270-27-1301', 'address': '1029 Smith Corners Suite 546, Petersonside, UT 07141'}
{'name': 'Collin Mckinney', 'email': 'courtney15@hotmail.com', 'phone': '915.126.5251x19388', 'ssn': '556-79-4311', 'address': '815 Gray Mountains Apt. 917, Port Kelsey, AL 42291'}
{'name': 'Bianca Pope', 'email': 'hhansen@french.com', 'phone': '138-644-4885x541', 'ssn': '556-79-4451', 'address': '47365 Natalie Summit, East Sarahmouth, OH 38633'}
{'name': 'Robert Barajas', 'email': 'fsmith@davis.com', 'phone': '764.836.2794x6831', 'ssn': '311-93-9458', 'address': '105 Matthew Mountains Suite 049, Bishopmouth, IN 74259'}
{'name': 'Ashley York', 'email': 'aaron95@harmon.com', 'phone': '436.214.7858x2880', 'ssn': '736-77-9194', 'address': '948 Antonio Rue, New Scottberg, GA 93029'}
{'name': 'Daniel Lucas', 'email': 'christinaayers@drake.com', 'phone': '455-089-5942x3381', 'ssn': '126-81-0447', 'address': '63353 Jones Union Suite 052, Vincentburgh, AK 67805'}
{'name': 'Christopher Wilson', 'email': 'matthew09@perez.com', 'phone': '413.003.7800', 'ssn': '438-15-8870', 'address': '6969 Susan Gateway, Hillbury, DE 50821'}
{'name': 'Larry Davis', 'email': 'melissahoffman@gmail.com', 'phone': '(765)447-7870x942', 'ssn': '151-68-3152', 'address': 'Unit 0175 Box 4934, DPO AP 62306'}
{'name': 'Margaret Waters', 'email': 'phillip14@mendez.com', 'phone': '(510)083-8049x97113', 'ssn': '709-08-6476', 'address': '446 Courtney Motorway, East Jodyside, GA 45792'}
{'name': 'Roger Perry', 'email': 'baileykenneth@wolfe.com', 'phone': '623-353-7553', 'ssn': '428-86-3797', 'address': '6321 David Place, Codyport, ND 71363'}
{'name': 'Mr. Matthew Vaughn', 'email': 'marialane@hotmail.com', 'phone': '001-986-231-5670x069', 'ssn': '522-43-8994', 'address': '29255 Kathryn Ridge, Lake Seanchester, MA 99594'}
{'name': 'Brandi Singh', 'email': 'jaybailey@ball.biz', 'phone': '(773)712-8229', 'ssn': '541-20-2621', 'address': '03478 Brandon Forges Suite 357, Port Kimbury, DC 25247'}
{'name': 'Ricky Shannon', 'email': 'smithkathryn@wood.com', 'phone': '+1-025-065-6626x5529', 'ssn': '088-14-9319', 'address': '3882 Copeland Prairie Apt. 746, Banksfort, HI 76327'}
{'name': 'Tammy Johnson', 'email': 'bakerwilliam@berry.info', 'phone': '001-796-005-8474x34160', 'ssn': '640-37-6846', 'address': 'USS Norton, FPO AP 60005'}
{'name': 'William Williams', 'email': 'eric87@hotmail.com', 'phone': '098.879.5538x013', 'ssn': '306-70-9219', 'address': '35257 Keith Forest, West Kimberlyhaven, TN 94485'}
{'name': 'Joshua Rivers', 'email': 'hutchinsonbenjamin@foster-donaldson.biz', 'phone': '(532)376-0425', 'ssn': '780-67-8149', 'address': '81974 Emily Bridge, Lake Debra, IN 21636'}
{'name': 'Jessica Schneider', 'email': 'joseph06@matthews-bryant.info', 'phone': '(733)511-5969x4317', 'ssn': '346-52-0055', 'address': '22159 Harris Loop, South Debbiechester, AK 30524'}
{'name': 'Christina Rodriguez', 'email': 'angela10@gmail.com', 'phone': '772.495.7033x5040', 'ssn': '120-90-6981', 'address': 'USNS Anderson, FPO AE 68222'}
{'name': 'Trevor Avila', 'email': 'smendoza@gmail.com', 'phone': '(413)353-8332x37631', 'ssn': '554-34-9711', 'address': '708 Bishop Rapids Suite 207, Gonzalezville, TN 40695'}
{'name': 'Dr. Colin Hancock', 'email': 'hubereric@hotmail.com', 'phone': '(535)543-8400', 'ssn': '258-42-2056', 'address': '058 Lewis Valleys Apt. 500, Port Laurashire, AR 27473'}
{'name': 'Brianna Cruz', 'email': 'pcaldwell@howard-dunn.com', 'phone': '001-612-924-7031x588', 'ssn': '436-50-6360', 'address': '70811 Quinn Key, Andreamouth, NC 70347'}
{'name': 'Bonnie Pitts', 'email': 'jessicaherman@gmail.com', 'phone': '(349)912-9469x7124', 'ssn': '103-72-7256', 'address': '31112 Wendy Common, West Brianbury, AK 05839'}
{'name': 'Jeffery Taylor', 'email': 'sarah32@gmail.com', 'phone': '460-276-2162', 'ssn': '305-88-4035', 'address': '088 Jackson Bypass Suite 592, Port Kendraburgh, MN 92536'}
{'name': 'Sarah Holland', 'email': 'sstewart@yahoo.com', 'phone': '001-978-934-5290x376', 'ssn': '215-53-5300', 'address': '779 Tiffany Road Apt. 703, Jenniferstad, AK 37333'}
{'name': 'Michelle Jimenez', 'email': 'watsonjohn@gmail.com', 'phone': '001-117-242-1083', 'ssn': '221-29-9397', 'address': '6109 Weaver Divide, North Barbarashire, NJ 60061'}
{'name': 'Michael Mills', 'email': 'johnlopez@henderson.biz', 'phone': '039-795-1716x87260', 'ssn': '081-26-9602', 'address': '082 Jennings Plaza, West Andrewfurt, IA 44429'}
{'name': 'Amanda Richardson', 'email': 'katelynjohnson@garcia.com', 'phone': '001-888-105-1113x18170', 'ssn': '194-50-6924', 'address': 'PSC 0403, Box 0571, APO AP 50994'}
{'name': 'Gina Barnes', 'email': 'micheletrevino@hotmail.com', 'phone': '+1-291-053-7110x142', 'ssn': '521-43-0166', 'address': '801 John Wells, Bradshawstad, DE 98024'}
{'name': 'Kevin Wiley', 'email': 'wmorton@webb.net', 'phone': '(652)600-1061x038', 'ssn': '067-71-5118', 'address': '7808 Woodard Land Apt. 183, Powellside, ME 59446'}
{'name': 'Stephanie Butler', 'email': 'james38@barnett.org', 'phone': '945.941.1367', 'ssn': '330-01-4754', 'address': '05451 Jason Gateway, Rachelbury, KY 22983'}
{'name': 'Juan Thompson', 'email': 'valdezbenjamin@hotmail.com', 'phone': '+1-880-137-5418x746', 'ssn': '030-83-8008', 'address': '65705 Valdez Road, Danielmouth, UT 52634'}
{'name': 'Christopher Wright', 'email': 'david68@yahoo.com', 'phone': '(575)372-1160', 'ssn': '680-11-9216', 'address': '921 Cook Rest Suite 402, New Thomas, CA 98224'}
{'name': 'Elizabeth Morris MD', 'email': 'daniel33@hotmail.com', 'phone': '(344)825-4890x33154', 'ssn': '397-84-6882', 'address': '9814 Gallagher Point, South Krystalborough, IL 73703'}
{'name': 'Christine Coleman', 'email': 'huberlori@gmail.com', 'phone': '(935)028-0634x2367', 'ssn': '207-64-2875', 'address': '66685 Dylan Alley, Lake Patriciamouth, TX 36765'}
{'name': 'Heather Taylor', 'email': 'sshepard@yahoo.com', 'phone': '+1-519-116-0918x2599', 'ssn': '577-62-1426', 'address': '4144 Ward Ridge Suite 516, North Tina, AK 52730'}
{'name': 'Felicia Welch', 'email': 'wrightkaren@hotmail.com', 'phone': '+1-499-338-4429x766', 'ssn': '527-53-0078', 'address': '1079 Waller Key, Russelltown, NY 93794'}
{'name': 'Heather Knight', 'email': 'yburns@schultz.com', 'phone': '8835368174', 'ssn': '226-09-8136', 'address': '89655 English Ville, Millerhaven, WV 85234'}
{'name': 'Morgan Turner', 'email': 'rebeccahernandez@huffman.net', 'phone': '(313)106-2512x61296', 'ssn': '813-92-3117', 'address': 'USNV Gillespie, FPO AA 93679'}
{'name': 'Joe Martin', 'email': 'jennifer01@dunlap.com', 'phone': '566.981.9157', 'ssn': '267-21-6849', 'address': '2508 Julia Shores Apt. 417, Christopherburgh, WI 47414'}
{'name': 'Lisa Mclaughlin', 'email': 'austin45@gmail.com', 'phone': '442-531-0037x406', 'ssn': '102-80-0723', 'address': '905 Ramos Tunnel Suite 648, Juarezmouth, PA 63170'}
{'name': 'Matthew Moore', 'email': 'stewartjoanne@lambert-perez.com', 'phone': '(222)061-4799x071', 'ssn': '542-64-3854', 'address': '61174 Rodney Common, Brewerville, ID 16235'}
{'name': 'Ashley Gonzales', 'email': 'patelbarbara@gmail.com', 'phone': '(672)526-7215', 'ssn': '245-22-5446', 'address': '45382 Richardson Views Suite 015, North Alexandra, SC 82389'}
{'name': 'Kelly Ramirez', 'email': 'fred48@martinez.biz', 'phone': '519-596-4888', 'ssn': '164-97-9930', 'address': '057 Daniel Hills Suite 480, East Barbaratown, KS 80211'}
{'name': 'Anthony Miller', 'email': 'patriciarowe@mora.org', 'phone': '420.792.6632', 'ssn': '725-23-2714', 'address': '1642 Carl Expressway Apt. 189, Christophershire, CT 11702'}
{'name': 'Christopher Clark', 'email': 'uconley@salazar-graves.info', 'phone': '877-276-0506x2137', 'ssn': '440-66-9070', 'address': 'PSC 6675, Box 4917, APO AE 10693'}
{'name': 'Joyce Mcdonald MD', 'email': 'matthew52@spencer.biz', 'phone': '001-468-371-4424x72616', 'ssn': '426-57-6124', 'address': '6653 Sarah Estates, Larryside, MD 24100'}
{'name': 'Ethan Moore', 'email': 'claudiacampbell@yahoo.com', 'phone': '481.859.1311x4027', 'ssn': '894-63-3986', 'address': '40226 Webster Course, Walterberg, NM 23873'}
{'name': 'Kimberly Carter', 'email': 'hudsonjames@yahoo.com', 'phone': '160-800-7520x81581', 'ssn': '623-23-0529', 'address': '2619 Robin Divide, New Katie, AL 56165'}
{'name': 'Alisha Taylor', 'email': 'robertbennett@yahoo.com', 'phone': '(381)160-1310x9153', 'ssn': '061-32-9662', 'address': '65854 Patrick Course Apt. 035, Jessicaville, WI 77424'}
{'name': 'Stephanie Armstrong', 'email': 'burnetttimothy@hotmail.com', 'phone': '+1-193-261-8830', 'ssn': '452-95-5233', 'address': '46248 Robert Junctions, Port Cassandra, AL 48543'}
{'name': 'Valerie Williams', 'email': 'marcwyatt@mcdaniel.com', 'phone': '277-563-5102x00090', 'ssn': '143-23-8849', 'address': '067 Kline Hills, Bryanhaven, NJ 58694'}
{'name': 'Gregory Simpson', 'email': 'dannybrown@andrade.com', 'phone': '001-851-259-2770x80853', 'ssn': '602-68-9917', 'address': '38356 Hansen Expressway, Port Markborough, VT 75781'}
{'name': 'Sara Brown', 'email': 'bergerryan@matthews.com', 'phone': '+1-653-849-0316x0574', 'ssn': '411-25-7497', 'address': '6188 Monica Pike, New Barryfurt, RI 18708'}
{'name': 'Larry Lawrence', 'email': 'joshuaking@smith.biz', 'phone': '494-460-4620', 'ssn': '299-30-2289', 'address': '512 Strong Oval Apt. 062, North Lindsay, AR 96164'}
{'name': 'Angela Davis', 'email': 'philip92@yahoo.com', 'phone': '115-392-2087', 'ssn': '531-12-7845', 'address': '8421 Vargas Groves, Aliciaport, NC 76470'}
{'name': 'Lori Harris', 'email': 'carterkristina@gmail.com', 'phone': '(026)214-8965', 'ssn': '319-51-5640', 'address': '8166 Wilcox Spring, Port Joshua, UT 95089'}
{'name': 'Matthew Harrison', 'email': 'vincent70@gmail.com', 'phone': '415-361-3351x1937', 'ssn': '189-22-4391', 'address': 'USNV Lopez, FPO AA 79797'}
{'name': 'Luke Daniels', 'email': 'jasonjames@jones.com', 'phone': '084-595-9147', 'ssn': '308-23-6968', 'address': '88381 Frances Port Apt. 280, Williamstown, IL 46386'}
{'name': 'Bradley Middleton', 'email': 'mary70@yahoo.com', 'phone': '+1-514-226-6550x1171', 'ssn': '337-76-4469', 'address': '09503 Christian Roads, Lake Jeanfurt, RI 80927'}
{'name': 'Maria Reyes', 'email': 'christopherstewart@yahoo.com', 'phone': '(069)463-3368x53141', 'ssn': '771-20-8351', 'address': '2096 Jonathan Forges Apt. 590, Carpenterhaven, MD 70089'}
{'name': 'Jamie Jones', 'email': 'daviddoyle@ellis.com', 'phone': '+1-842-496-0186x887', 'ssn': '597-28-9874', 'address': '637 Sandoval Spurs, Brockport, KY 52387'}
{'name': 'Meredith Meza', 'email': 'brianvelazquez@gmail.com', 'phone': '505.450.9947', 'ssn': '669-75-3091', 'address': '24454 Mitchell Track Suite 268, Lake Matthew, MA 37271'}
{'name': 'Mary Anderson', 'email': 'tanderson@hotmail.com', 'phone': '+1-246-982-2872x81361', 'ssn': '373-19-9508', 'address': '086 Teresa Ridge, Stewartside, WV 70320'}
{'name': 'Janice Stone DVM', 'email': 'kelly35@hill-brown.net', 'phone': '+1-336-154-7828', 'ssn': '027-92-8526', 'address': '634 Daniel Creek Apt. 493, West Alexaton, OR 65477'}
{'name': 'Alisha Acosta', 'email': 'ashleymartinez@harris.com', 'phone': '001-672-466-2235x657', 'ssn': '830-21-2907', 'address': '8518 Gutierrez Plain Apt. 070, Millerburgh, AZ 36424'}
{'name': 'Desiree White', 'email': 'laurenmartin@hotmail.com', 'phone': '001-876-898-9120x241', 'ssn': '625-30-4395', 'address': '68538 Angela Tunnel Suite 262, Robinsonchester, MT 10517'}
{'name': 'Kelsey Scott', 'email': 'andrewjackson@morales.com', 'phone': '250-585-4330', 'ssn': '587-93-6290', 'address': '652 Rowe Groves Apt. 339, Markburgh, NM 91169'}
{'name': 'Darren Estrada', 'email': 'amoore@hotmail.com', 'phone': '398-624-1574x27952', 'ssn': '090-71-1881', 'address': '3734 Hicks Mews Apt. 108, West Richard, DE 17072'}
{'name': 'Victor Miller', 'email': 'ashley66@brown.com', 'phone': '895-909-8436x1177', 'ssn': '607-35-9969', 'address': '97119 Matthew Plaza, Barbaraview, WI 13289'}
{'name': 'William Schroeder', 'email': 'xdillon@gmail.com', 'phone': '036.716.9631', 'ssn': '134-78-5036', 'address': '52507 Lindsay Springs Apt. 532, Stevenside, NH 36063'}
{'name': 'Kenneth Ibarra', 'email': 'fjames@charles.com', 'phone': '(047)532-9839x6122', 'ssn': '310-59-7793', 'address': '32247 Boyer Coves Suite 939, Davidbury, WA 35445'}
{'name': 'Jennifer Lopez', 'email': 'hmcbride@garcia.com', 'phone': '284.947.5479', 'ssn': '004-12-3039', 'address': '52410 Ryan Rest Apt. 798, West Jeanberg, CO 74866'}
{'name': 'Dawn Ward', 'email': 'karen16@hotmail.com', 'phone': '+1-458-718-2509x504', 'ssn': '518-15-5205', 'address': '578 Andrew Highway Apt. 525, Port Leahside, KS 83181'}
{'name': 'Michael Watkins', 'email': 'simsjoseph@taylor-weaver.com', 'phone': '(326)785-2179x10319', 'ssn': '654-20-8894', 'address': 'Unit 4322 Box 5864, DPO AA 25614'}
{'name': 'David Mcmahon', 'email': 'cindy25@thomas-king.net', 'phone': '+1-037-259-3585x34517', 'ssn': '704-78-3132', 'address': '20303 Perez Squares Suite 632, Kimberlyhaven, MI 06839'}
{'name': 'Jordan Davis', 'email': 'stephenjohnson@garcia-jones.com', 'phone': '468-311-4793x1562', 'ssn': '629-34-4384', 'address': '800 Sullivan Path, West Ericaberg, HI 37664'}
{'name': 'Shirley Nguyen', 'email': 'janet01@gmail.com', 'phone': '0041391142', 'ssn': '286-34-2575', 'address': '25474 Johnny Square, Port Douglas, IA 02255'}
{'name': 'Michelle Page', 'email': 'karentaylor@yahoo.com', 'phone': '779-350-0514x31345', 'ssn': '285-20-0289', 'address': '977 Ball Ford Apt. 361, South April, ND 80811'}
{'name': 'Erika Park', 'email': 'brooke04@davis.biz', 'phone': '169-589-2348x824', 'ssn': '722-45-3255', 'address': '9484 Peterson Crest, Lake Valerie, GA 01156'}
{'name': 'Gabriel Wells', 'email': 'douglasbush@adams.com', 'phone': '965-936-4195x1668', 'ssn': '839-58-0381', 'address': '232 Craig Locks Suite 600, Chelseaburgh, FL 31564'}
{'name': 'Joshua Hamilton', 'email': 'brodriguez@yahoo.com', 'phone': '367.902.8969x9681', 'ssn': '448-05-3684', 'address': 'Unit 7005 Box 0614, DPO AE 50233'}
{'name': 'Heidi Davis', 'email': 'alvaradojeremy@wolfe.net', 'phone': '001-382-256-5876', 'ssn': '711-03-8039', 'address': '430 Steven Dale Apt. 857, Lake Michael, ME 46384'}
{'name': 'Luis Martinez', 'email': 'thompsonmelanie@hotmail.com', 'phone': '(644)121-4530', 'ssn': '437-81-8055', 'address': '8961 Jasmine Mall Suite 600, Amandaberg, HI 43169'}
{'name': 'Victoria Williams', 'email': 'alexanderhill@orr-fields.info', 'phone': '001-326-242-7289', 'ssn': '397-54-4005', 'address': 'PSC 0113, Box 6902, APO AA 60714'}
{'name': 'Alison Hawkins', 'email': 'william18@ortiz.com', 'phone': '(462)083-9340x465', 'ssn': '728-24-5551', 'address': 'USNV Chavez, FPO AA 89024'}
{'name': 'Pamela Bradley', 'email': 'brian19@hotmail.com', 'phone': '0458962655', 'ssn': '146-56-3497', 'address': '1204 Thomas Plains Suite 420, Stevenbury, DC 59219'}
{'name': 'Amy Reese', 'email': 'pharris@clark.com', 'phone': '(656)655-4522x94144', 'ssn': '538-49-2527', 'address': '2680 Kevin Vista, North Michaelport, NH 71763'}
{'name': 'Jill Henderson', 'email': 'michaelanderson@williams.com', 'phone': '474-277-9971x9301', 'ssn': '511-91-5475', 'address': '709 Garner Garden Suite 702, Hamiltonbury, NY 10907'}
{'name': 'Nancy Pearson', 'email': 'debbie08@pacheco-holmes.info', 'phone': '015-648-0489x4891', 'ssn': '821-09-8625', 'address': '302 Justin Rapids Apt. 598, Port Traceystad, SD 65378'}
{'name': 'Brett Mason', 'email': 'destiny18@mcclain.com', 'phone': '001-471-886-7493x154', 'ssn': '597-24-7714', 'address': '688 Joyce Square, North Christina, MS 72158'}
{'name': 'Justin Jackson', 'email': 'paguilar@hotmail.com', 'phone': '371.586.8241', 'ssn': '245-71-4324', 'address': '056 Philip Parkways, Kendramouth, ND 06089'}
{'name': 'Paul Navarro', 'email': 'bharris@gmail.com', 'phone': '405-611-9622x0190', 'ssn': '202-51-0872', 'address': '75979 Jasmin Lodge, East Linda, ID 15835'}
{'name': 'Andrea Reynolds', 'email': 'sanchezjillian@mendez.com', 'phone': '+1-460-678-7272x5120', 'ssn': '710-29-5744', 'address': '28988 Gloria Course Apt. 811, Brianberg, IN 64422'}
{'name': 'Joseph Fields', 'email': 'holtsherry@velez-tran.com', 'phone': '299-065-6411x0721', 'ssn': '519-12-0392', 'address': 'USNS Hanson, FPO AP 12944'}
{'name': 'Dawn Rodriguez', 'email': 'williamskristi@hernandez.com', 'phone': '+1-001-680-4944x14341', 'ssn': '339-98-9854', 'address': '541 Russell Row Apt. 952, New Dennis, OK 88354'}
{'name': 'Melissa Caldwell', 'email': 'barneskathryn@gmail.com', 'phone': '810-906-5705', 'ssn': '370-63-0653', 'address': '9774 Banks Inlet Suite 645, Whitestad, TN 46080'}
{'name': 'Isaiah Marks', 'email': 'fflores@hotmail.com', 'phone': '001-609-393-5709x59200', 'ssn': '211-78-7630', 'address': '537 James Mount, West Louis, WI 65381'}
{'name': 'Mallory King', 'email': 'jeremyfisher@boyd.com', 'phone': '996.822.0561x4691', 'ssn': '227-32-4601', 'address': '69228 Dennis Mill Suite 164, Villaville, GA 65699'}
{'name': 'Brendan Hall', 'email': 'woodkaren@miller.info', 'phone': '(504)669-5680', 'ssn': '815-54-3067', 'address': '73833 Darren Fields, Lake Brenda, MA 86883'}
{'name': 'Erica Robinson', 'email': 'phernandez@ramos.com', 'phone': '318.729.6866', 'ssn': '014-81-3214', 'address': '986 Jason Lane Suite 387, Edwardside, KS 71132'}
{'name': 'Benjamin Bowman', 'email': 'aburton@harris.net', 'phone': '001-429-833-3867x69043', 'ssn': '208-47-0743', 'address': '119 Ball Ville Suite 613, Mcdonaldbury, UT 10021'}
{'name': 'Latoya Contreras', 'email': 'wallacejennifer@hotmail.com', 'phone': '001-444-121-4497x33590', 'ssn': '106-91-8780', 'address': 'USNV White, FPO AP 30435'}
{'name': 'Renee Holt', 'email': 'paulhorn@beard-collins.com', 'phone': '404.656.4897', 'ssn': '664-46-7609', 'address': '10529 Torres Forge Suite 657, New Christinafurt, OH 26332'}
{'name': 'Joe Eaton', 'email': 'urodriguez@baldwin.com', 'phone': '968.276.6070x5371', 'ssn': '533-07-1552', 'address': '6364 Danielle Viaduct Suite 694, West Justinbury, ND 20058'}
{'name': 'Brittany Mcknight', 'email': 'chase68@le.com', 'phone': '001-526-391-6527', 'ssn': '441-31-9433', 'address': '69726 Brooks Square Suite 077, Kimberlyshire, ND 82508'}
{'name': 'Austin Evans', 'email': 'qmathis@lee.com', 'phone': '6364763329', 'ssn': '048-43-7638', 'address': '94643 Erica Meadows, East Todd, AZ 71982'}
{'name': 'Frederick Hernandez', 'email': 'kvilla@burton.net', 'phone': '+1-854-062-8229x0380', 'ssn': '423-77-0892', 'address': '8931 Dustin Forest Apt. 828, Smithbury, SD 17741'}
{'name': 'Luke Perez', 'email': 'andrew38@yahoo.com', 'phone': '432-714-4464', 'ssn': '224-73-8185', 'address': 'PSC 8133, Box 2820, APO AA 73726'}
{'name': 'Curtis Mercado', 'email': 'josephwalters@griffin.com', 'phone': '(464)340-7204x53809', 'ssn': '337-26-5569', 'address': '714 Rose Bridge Apt. 258, Christinaborough, TN 46426'}
{'name': 'Aaron Vasquez', 'email': 'portertaylor@willis-moss.org', 'phone': '2208786149', 'ssn': '341-74-2771', 'address': '70407 Thomas Corners Apt. 237, Millerville, OK 24726'}
{'name': 'Katrina Casey', 'email': 'deleondylan@ritter.com', 'phone': '347.633.4447', 'ssn': '877-30-5128', 'address': '7885 Ryan Wall Apt. 248, Wellsmouth, MI 76604'}
{'name': 'Andrea Moreno', 'email': 'robertsheather@gmail.com', 'phone': '001-899-634-6006', 'ssn': '128-21-2746', 'address': '10537 Gutierrez Square Suite 652, Bellport, HI 36423'}
{'name': 'Peter Wang', 'email': 'daniellerivera@hotmail.com', 'phone': '+1-203-958-8537', 'ssn': '360-27-9594', 'address': '97722 Kerry Club, Annland, IL 44525'}
{'name': 'Bianca Owen', 'email': 'sullivanpatricia@gmail.com', 'phone': '972.214.0239', 'ssn': '077-97-6854', 'address': '07599 James Mountain Apt. 728, Wrightland, IN 67528'}
{'name': 'Cathy Sharp', 'email': 'denise20@hotmail.com', 'phone': '001-908-249-6672x0515', 'ssn': '597-88-3589', 'address': '0556 Marilyn Keys Suite 720, West Susanmouth, UT 35133'}
{'name': 'Ana Barnes', 'email': 'knguyen@gibson.org', 'phone': '001-757-074-4890x911', 'ssn': '460-60-4630', 'address': '94984 Mcdonald Valley, Kimberlyville, IN 32691'}
{'name': 'Jeffrey Mcconnell', 'email': 'staffordgrace@yahoo.com', 'phone': '+1-203-983-5472x2277', 'ssn': '251-54-5492', 'address': '211 Cooper Terrace Apt. 376, Danielbury, MA 89455'}
{'name': 'Amy Reed', 'email': 'jenny17@mcdowell.com', 'phone': '434.783.4726', 'ssn': '569-17-6171', 'address': 'USNV Smith, FPO AA 68166'}
{'name': 'Mark Riley', 'email': 'areilly@lane.info', 'phone': '001-567-230-7072', 'ssn': '174-41-3041', 'address': '282 Shannon Course Suite 378, Popeport, KY 28221'}
{'name': 'Johnny Gregory', 'email': 'christopher81@hotmail.com', 'phone': '(512)616-5515x2122', 'ssn': '804-50-1700', 'address': '16698 Jones Shoal Apt. 522, East Joseph, KY 54576'}
{'name': 'Aaron Dawson', 'email': 'sprice@atkinson.info', 'phone': '001-572-009-3693x5952', 'ssn': '404-87-3436', 'address': '29578 Brandt Stravenue Apt. 571, North Crystalport, IL 07372'}
{'name': 'Karl Gonzalez', 'email': 'birderic@hotmail.com', 'phone': '9599532555', 'ssn': '039-48-8900', 'address': '095 Nelson Square Apt. 145, South Dennis, AK 63077'}
{'name': 'Amanda Lopez', 'email': 'stephanie97@mccormick.com', 'phone': '(859)833-4894', 'ssn': '394-86-5709', 'address': '6289 Jones Cape Suite 821, Mitchellhaven, SD 13421'}
{'name': 'Crystal Horn DDS', 'email': 'juliewood@clayton.com', 'phone': '+1-974-201-7833x269', 'ssn': '520-31-6655', 'address': 'Unit 8791 Box 1801, DPO AE 82915'}
{'name': 'Leslie Mooney', 'email': 'jfields@williams.com', 'phone': '747.609.5670x72470', 'ssn': '217-54-3054', 'address': '8439 Kevin Tunnel Apt. 022, Susanmouth, TX 13673'}
{'name': 'Carolyn Watkins', 'email': 'imcdaniel@mcdaniel-martinez.com', 'phone': '+1-333-741-6229x98299', 'ssn': '016-01-4858', 'address': 'Unit 3082 Box 2091, DPO AA 62270'}
{'name': 'Michael Aguirre', 'email': 'klopez@bridges-jackson.org', 'phone': '(443)159-4796', 'ssn': '630-43-2604', 'address': 'Unit 3332 Box 7010, DPO AA 56738'}
{'name': 'Matthew Johnson', 'email': 'stephensroberto@vaughn-kim.com', 'phone': '849.086.7136x2456', 'ssn': '076-26-5951', 'address': '69782 Mckinney Canyon Apt. 562, Lisabury, NV 78008'}
{'name': 'Timothy Hall', 'email': 'jamesthompson@smith-fox.org', 'phone': '001-724-109-7561x32727', 'ssn': '279-41-3271', 'address': '598 Erika Rest, North Melissa, WV 35703'}
{'name': 'Wesley Green II', 'email': 'vanessaday@wagner.com', 'phone': '(155)959-4078x5145', 'ssn': '366-27-3191', 'address': '16220 Jenna Circle Apt. 566, Huntton, MI 02377'}
{'name': 'Michael Walter', 'email': 'moorecalvin@hurst.org', 'phone': '971.169.4856x58841', 'ssn': '515-19-8143', 'address': '361 Nicole Estates Suite 376, Rodriguezborough, WY 86610'}
{'name': 'Kimberly Wright', 'email': 'kaisermary@washington-parks.com', 'phone': '(884)695-4967x36456', 'ssn': '444-21-9489', 'address': '799 Christopher Track, Port Victoria, DC 73763'}
{'name': 'Steven Simmons', 'email': 'shelbymeyer@hotmail.com', 'phone': '(992)156-7927', 'ssn': '421-56-3372', 'address': '92656 Martinez Wall Apt. 252, Port Anna, TX 14037'}
{'name': 'Chris Stout', 'email': 'scottdavis@gmail.com', 'phone': '+1-800-310-7250x98481', 'ssn': '146-29-7517', 'address': 'PSC 3355, Box 7384, APO AE 50140'}
{'name': 'Cheryl Chapman', 'email': 'hirwin@hotmail.com', 'phone': '328.959.0692x179', 'ssn': '468-24-9688', 'address': '4259 Nicole Freeway Apt. 728, Denisechester, NE 86471'}
{'name': 'Edwin Martin', 'email': 'larakathryn@landry-rios.com', 'phone': '001-590-223-3336x551', 'ssn': '291-47-7912', 'address': '5478 Poole Mission Apt. 788, Sandraborough, SC 27313'}
{'name': 'Christina Harris', 'email': 'cwilliams@gmail.com', 'phone': '661.422.7800', 'ssn': '379-84-5765', 'address': 'PSC 1573, Box 1858, APO AP 67824'}
{'name': 'Cristina Bell', 'email': 'longmichael@flores.com', 'phone': '687.159.3806', 'ssn': '391-34-6748', 'address': '82242 Laura Valleys Suite 004, North Marktown, RI 53907'}
{'name': 'Victor Douglas', 'email': 'catherinetucker@franklin.com', 'phone': '+1-489-102-7984x963', 'ssn': '368-90-1207', 'address': '71792 Banks Ferry, Colehaven, DC 83942'}
{'name': 'Ashley Martin', 'email': 'shepardchad@fry.info', 'phone': '918.185.5080x601', 'ssn': '387-19-1389', 'address': '588 Owens Streets Apt. 950, Kellichester, IA 16008'}
{'name': 'Brian Anderson', 'email': 'ashley21@hotmail.com', 'phone': '+1-525-883-6742', 'ssn': '305-62-8167', 'address': '688 Mark Bypass, North Jacquelineburgh, CT 64610'}
{'name': 'Pamela Martin', 'email': 'marciabailey@marshall.net', 'phone': '001-004-315-4213x94505', 'ssn': '671-70-3005', 'address': '19868 Edwin Causeway Apt. 736, West Christopherchester, NM 78889'}
{'name': 'Tina Rodriguez', 'email': 'eduardo08@yahoo.com', 'phone': '(549)096-6360x90804', 'ssn': '227-34-9625', 'address': '063 Mark Prairie Apt. 131, East William, IA 07839'}
{'name': 'Elizabeth Church', 'email': 'mario92@hotmail.com', 'phone': '001-491-446-9710x7875', 'ssn': '600-70-8314', 'address': '0860 Barnett Tunnel, Edwardborough, RI 20437'}
{'name': 'Luke Hogan', 'email': 'taylormelissa@vang.com', 'phone': '(042)105-0404', 'ssn': '587-16-7611', 'address': '31470 Johnson Prairie, Perryport, DC 71271'}
{'name': 'Jasmine Mcdonald', 'email': 'rosaleskathy@gmail.com', 'phone': '8976405553', 'ssn': '038-40-0300', 'address': '659 Nelson Isle, Shannonport, DE 73006'}
{'name': 'Jennifer Sloan', 'email': 'piercejennifer@yahoo.com', 'phone': '956-083-1979x7207', 'ssn': '842-41-8593', 'address': '5268 Todd Prairie, Petermouth, GA 99267'}
{'name': 'John Miller', 'email': 'cameronrobinson@hodge.com', 'phone': '(752)389-3611x44946', 'ssn': '399-85-2197', 'address': '56009 Mills Expressway, Lake Paul, WA 21558'}
{'name': 'Elizabeth Ramirez', 'email': 'joshua92@higgins.com', 'phone': '782.293.0682', 'ssn': '518-88-3278', 'address': '96606 Peters Radial Suite 304, Bowenfurt, KY 63337'}
{'name': 'Lindsey Chen', 'email': 'williamsalicia@hotmail.com', 'phone': '(669)182-6577x000', 'ssn': '875-31-2374', 'address': '04477 Jessica Orchard Suite 258, Phelpsview, NV 40464'}
{'name': 'Michael Sullivan', 'email': 'rodneystephenson@may.com', 'phone': '(410)272-7909x82567', 'ssn': '230-12-6485', 'address': '5459 Thomas Ways Apt. 172, Garyville, IL 30677'}
{'name': 'Edward Turner', 'email': 'dana98@yahoo.com', 'phone': '5984112676', 'ssn': '106-12-8235', 'address': '86150 Ray Brooks Suite 634, East Haleyville, MT 85818'}
{'name': 'Kayla Hodges', 'email': 'snyderkimberly@gmail.com', 'phone': '+1-094-877-3063x697', 'ssn': '036-32-5411', 'address': '6327 Mcguire Ranch, Port Lauren, MD 75176'}
{'name': 'Mariah Wade', 'email': 'kelsey28@cox.com', 'phone': '381-128-9355x384', 'ssn': '309-84-5416', 'address': '90731 Alexandria Shores Suite 024, Reynoldsbury, RI 64750'}
{'name': 'Christina Baldwin', 'email': 'kathleen08@cameron.com', 'phone': '263.232.7132x06091', 'ssn': '805-77-3016', 'address': '58797 Cynthia Curve Apt. 003, Melindashire, CT 40184'}
{'name': 'Isaac Mcintyre', 'email': 'mcdonaldmadison@yahoo.com', 'phone': '001-369-461-9050', 'ssn': '661-73-4040', 'address': 'PSC 9013, Box 1697, APO AP 79101'}
{'name': 'Crystal Sexton', 'email': 'fedwards@gmail.com', 'phone': '001-464-292-8813x0076', 'ssn': '188-51-1074', 'address': '94175 Gonzalez Haven, North Emmaburgh, VA 45253'}
{'name': 'Mrs. Katherine Roberts', 'email': 'taylorrodgers@holland.biz', 'phone': '(739)375-2236x62935', 'ssn': '339-45-3139', 'address': '147 Holloway Cliffs Apt. 784, Caitlynchester, VA 68628'}
{'name': 'David Stanley', 'email': 'parkerdeborah@gmail.com', 'phone': '869.966.8467x83108', 'ssn': '284-18-4785', 'address': '89065 Thomas Forest Apt. 712, New Trevorchester, NJ 50900'}
{'name': 'Ann Nicholson', 'email': 'bradleytorres@yahoo.com', 'phone': '945.355.6152', 'ssn': '585-48-6826', 'address': '989 Moran Mews Apt. 130, Jamesburgh, AZ 40740'}
{'name': 'Eric Gomez', 'email': 'eli@chavez.com', 'phone': '001-505-268-4902x281', 'ssn': '727-70-2013', 'address': '907 Amy Orchard, Christinashire, WA 20839'}
{'name': 'Heidi Morgan', 'email': 'kyle95@swanson-hubbard.com', 'phone': '(734)853-4632', 'ssn': '675-58-9079', 'address': '19247 Henry Rapids, Shepherdhaven, OR 78674'}
{'name': 'Kevin Rios', 'email': 'bsmith@hotmail.com', 'phone': '001-353-398-7624x014', 'ssn': '260-48-3078', 'address': '981 Crystal Square Suite 242, Guerrerochester, KY 89636'}
{'name': 'James Reynolds', 'email': 'martinezjaime@allen.com', 'phone': '(094)794-7474x40491', 'ssn': '463-27-3555', 'address': '80247 Anthony Mount Apt. 917, Brandtmouth, TX 86123'}
{'name': 'Deborah Martinez', 'email': 'qholt@wright.info', 'phone': '237.439.9400x78456', 'ssn': '140-18-7117', 'address': '65829 Peter Mountains, Smithton, ID 85182'}
{'name': 'Victor Booth', 'email': 'vargasreginald@yahoo.com', 'phone': '137.641.2735x9863', 'ssn': '487-93-3654', 'address': 'PSC 3645, Box 1259, APO AE 51187'}
{'name': 'Michael Lewis', 'email': 'danieldelgado@madden.com', 'phone': '206.932.6714x55331', 'ssn': '418-87-0129', 'address': '29164 Gregory Square Suite 689, Phillipsland, AZ 65362'}
{'name': 'Michelle Leonard', 'email': 'stephaniewinters@kidd.com', 'phone': '(200)569-3179', 'ssn': '462-89-3581', 'address': '8460 Bass Green, East Tommyfort, MT 44569'}
{'name': 'Jocelyn Gill', 'email': 'phillipmacdonald@morris.org', 'phone': '976-568-3566', 'ssn': '283-36-2873', 'address': '86025 Mays Walk Suite 523, South George, KY 78565'}
{'name': 'Nicole Myers', 'email': 'xriley@gmail.com', 'phone': '7786437287', 'ssn': '374-08-4324', 'address': '7030 Brianna Underpass Apt. 438, East Melissa, WA 24975'}
{'name': 'Margaret Miller', 'email': 'qbrown@campbell.net', 'phone': '(920)673-6137x53866', 'ssn': '758-66-5288', 'address': '37180 Carey Summit, Perkinsshire, TX 38948'}
{'name': 'Lauren Collins', 'email': 'morrispatrick@stevens-white.info', 'phone': '+1-811-774-7354', 'ssn': '411-51-1747', 'address': '713 Meredith Courts Apt. 125, North Chadville, PA 41212'}
{'name': 'Annette Griffin', 'email': 'zbutler@burnett.com', 'phone': '955.119.4032x6573', 'ssn': '161-40-8109', 'address': '7188 Pitts Crossroad, New Monica, SD 89202'}
{'name': 'Linda Fox', 'email': 'zcarter@hotmail.com', 'phone': '(828)130-3214x1378', 'ssn': '758-76-3202', 'address': '5414 Ramos Falls, West Bradley, IA 95146'}
{'name': 'Gloria Stein', 'email': 'bakercarl@yahoo.com', 'phone': '(683)609-7964x01217', 'ssn': '777-65-0835', 'address': '01221 Matthew River Apt. 624, Coreyton, DC 58136'}
{'name': 'Lindsey Hoffman', 'email': 'loririchards@yahoo.com', 'phone': '+1-054-515-6313', 'ssn': '803-05-6620', 'address': '13856 Nicholas Plaza Suite 178, Lake Stephanie, MN 30358'}
{'name': 'Mike Hogan', 'email': 'webbeileen@hotmail.com', 'phone': '(314)489-6278x25892', 'ssn': '654-25-4176', 'address': '36323 Rhodes Turnpike Suite 689, West Kristina, MO 98045'}
{'name': 'Stephen Wright', 'email': 'wleach@yahoo.com', 'phone': '6088005657', 'ssn': '249-54-6183', 'address': '2801 Brandon Port, Port Brittany, IN 77476'}
{'name': 'Cheryl Smith', 'email': 'johnsonmark@tanner-russo.net', 'phone': '+1-938-726-1626x58075', 'ssn': '462-71-1451', 'address': '131 Helen Keys Apt. 862, New Donald, ND 48880'}
{'name': 'Pamela Newman', 'email': 'matthewsdarren@yahoo.com', 'phone': '+1-653-021-2344x919', 'ssn': '477-62-3736', 'address': 'Unit 6579 Box 2428, DPO AP 44923'}
{'name': 'Sheryl Ward', 'email': 'vcolon@bates-mosley.biz', 'phone': '634-844-7032x7024', 'ssn': '856-31-2675', 'address': '35792 Jennifer Cape, Suzannefurt, UT 07029'}
{'name': 'John Johnson', 'email': 'nwright@yahoo.com', 'phone': '568-542-0408x72339', 'ssn': '374-87-5507', 'address': '8059 Amanda Fall, Monicaton, MA 90854'}
{'name': 'David Reid', 'email': 'ugarcia@foster.net', 'phone': '+1-153-408-8701', 'ssn': '478-75-7212', 'address': 'USS Morrow, FPO AE 76801'}
{'name': 'Chelsea Thomas', 'email': 'joshuaclements@hill.com', 'phone': '001-195-556-4879x895', 'ssn': '395-53-9053', 'address': '4337 Brenda Crossroad Suite 589, Jessicahaven, WY 52451'}
{'name': 'Rachael Garrison', 'email': 'richardbaker@hotmail.com', 'phone': '001-709-818-8684x727', 'ssn': '457-23-4267', 'address': '1130 Meghan Spur Suite 140, South Laura, PA 18511'}
{'name': 'Morgan Mercado', 'email': 'maria83@jones-cooley.org', 'phone': '(533)807-1065', 'ssn': '735-96-1008', 'address': '331 Gabrielle Mountains Apt. 719, Adamside, IN 38888'}
{'name': 'Thomas Lynn', 'email': 'reynoldssandra@simmons.com', 'phone': '001-491-982-7856', 'ssn': '467-68-8143', 'address': '294 Page Throughway, Bowmanborough, GA 99811'}
{'name': 'Jeanne Sandoval', 'email': 'wilsonpedro@mueller.info', 'phone': '(400)603-6027x412', 'ssn': '763-63-0246', 'address': '21017 David Manor, Curryfort, NC 81069'}
{'name': 'Faith Hill', 'email': 'brianwashington@yahoo.com', 'phone': '(688)709-1768x1572', 'ssn': '537-17-0249', 'address': '0105 Sarah Mountain, Dalemouth, HI 01945'}
{'name': 'Nicole White', 'email': 'johnhenry@mckinney.biz', 'phone': '2677884870', 'ssn': '792-45-2548', 'address': '57427 Jessica Squares Suite 803, Jenkinston, KS 80033'}
{'name': 'Joseph Mcgee', 'email': 'mary69@yahoo.com', 'phone': '+1-269-539-4769x1095', 'ssn': '740-01-5810', 'address': '42286 Brown Mountain, Loriport, SC 17704'}
{'name': 'Kathleen Bell MD', 'email': 'jamie04@hotmail.com', 'phone': '344-062-9639', 'ssn': '812-74-7909', 'address': '374 Matthew Brooks, North Nicholasfort, ID 17530'}
{'name': 'Douglas Rodriguez', 'email': 'bakerchristopher@harrison.com', 'phone': '836.912.9549x7712', 'ssn': '108-78-5034', 'address': '73734 Matthew Street, Bellbury, ME 35642'}
{'name': 'David Bennett', 'email': 'jenniferrowland@hotmail.com', 'phone': '7434071454', 'ssn': '319-77-4021', 'address': 'Unit 1357 Box 0888, DPO AA 95783'}
{'name': 'Ashley Taylor', 'email': 'patrick20@bryant-wright.com', 'phone': '173.743.2487x02392', 'ssn': '730-43-7956', 'address': '757 Joseph Ville, Lake Robert, IL 95543'}
{'name': 'Mark Heath', 'email': 'ronaldjohnson@hotmail.com', 'phone': '+1-355-428-8284', 'ssn': '253-21-8476', 'address': '054 Farley Forest Suite 037, Evelynborough, MO 15636'}
{'name': 'Christopher Hardy', 'email': 'joan18@gmail.com', 'phone': '001-055-603-3376x0151', 'ssn': '093-55-3464', 'address': '58907 Jason Mall Suite 979, South Sharon, SD 89077'}
{'name': 'Theresa Ortiz', 'email': 'nicholasnguyen@yahoo.com', 'phone': '999-836-1524x995', 'ssn': '509-45-3931', 'address': '2671 Spencer Avenue Suite 097, Port Brandonmouth, ND 09888'}
{'name': 'Ernest Campos', 'email': 'burnettsamantha@colon-rich.com', 'phone': '001-770-519-9486', 'ssn': '553-83-3176', 'address': '40797 Chelsea Gateway Suite 484, Gomezton, NH 55738'}
{'name': 'Sarah Cortez', 'email': 'qallen@smith.com', 'phone': '614.078.3388x35419', 'ssn': '878-09-6425', 'address': '937 Colon Street Suite 475, East Valerieview, OH 17394'}
{'name': 'Cheryl Holloway', 'email': 'westallison@marshall-barber.com', 'phone': '031.705.8672x784', 'ssn': '169-38-7788', 'address': '69873 Duane Unions, Brittneyview, NJ 59946'}
{'name': 'Joshua Mann', 'email': 'virginiamontoya@ibarra-bright.com', 'phone': '001-653-808-4162x761', 'ssn': '895-41-0957', 'address': 'USS Burns, FPO AE 44761'}
{'name': 'Shelley Gallegos', 'email': 'dgreene@bautista.net', 'phone': '001-282-364-4404x98665', 'ssn': '537-05-1277', 'address': '9080 Tiffany Course, Cameronberg, AZ 51498'}
{'name': 'Toni Hayes', 'email': 'davidosborne@carroll.com', 'phone': '486.828.0439x96925', 'ssn': '374-65-6383', 'address': '1676 Gabrielle Streets, North Sarahport, SD 08057'}
{'name': 'Paul Foley', 'email': 'fbeard@hotmail.com', 'phone': '(934)773-9064x541', 'ssn': '122-84-3492', 'address': '23134 Fox Landing, New Zoe, KS 40287'}
{'name': 'Robert Reyes', 'email': 'xgarcia@yahoo.com', 'phone': '018.822.8983', 'ssn': '184-18-4791', 'address': '25081 Maria Stream, Port Robertshire, AK 07274'}
{'name': 'Steven Williams', 'email': 'amanda36@hotmail.com', 'phone': '001-909-865-2592', 'ssn': '059-47-1408', 'address': 'USNS Smith, FPO AP 62857'}
{'name': 'Andrew Young', 'email': 'robertwalker@hotmail.com', 'phone': '363.060.1513x55618', 'ssn': '376-73-9165', 'address': '2313 Pamela Green, Lake Chad, MO 91480'}
{'name': 'Patricia Hill', 'email': 'xmartinez@austin.com', 'phone': '998.143.0228x17765', 'ssn': '223-99-4743', 'address': '03487 Martha Isle Apt. 008, Harpershire, MI 30012'}
{'name': 'Eileen Gomez', 'email': 'emilybarnes@yahoo.com', 'phone': '2512624637', 'ssn': '459-49-2629', 'address': '529 Hansen Cove, South Joshua, CA 42172'}
{'name': 'Mrs. Lisa Welch', 'email': 'brandy81@clark.info', 'phone': '1863708893', 'ssn': '835-42-4117', 'address': '572 Rivera Forges, Lake Gary, NV 14294'}
{'name': 'Tina Martin', 'email': 'nphelps@gmail.com', 'phone': '535.490.7809', 'ssn': '079-82-2686', 'address': '41442 Daniels Street Suite 511, New Rachel, WV 99451'}
{'name': 'Richard Daniels', 'email': 'cartercolleen@gmail.com', 'phone': '813-164-1358', 'ssn': '096-93-2120', 'address': '53465 Douglas Underpass, New Michellemouth, OR 57903'}
{'name': 'Roy Norton', 'email': 'thompsonmichael@jackson-davis.net', 'phone': '158-774-3868x432', 'ssn': '893-40-7892', 'address': '537 Robert Loaf Apt. 657, Rosston, NM 83326'}
{'name': 'Leah Jacobs', 'email': 'ckramer@perez.org', 'phone': '0993641367', 'ssn': '573-61-8516', 'address': '01842 Leah Ford Apt. 102, Lake Christopher, LA 37300'}
{'name': 'Jason Smith', 'email': 'steven46@russell-bolton.com', 'phone': '(027)146-0217', 'ssn': '045-80-3927', 'address': '52479 Wiley Village Suite 462, Port Robinport, PA 68977'}
{'name': 'Bryan Meyers', 'email': 'mike69@hotmail.com', 'phone': '001-020-785-9677', 'ssn': '415-44-7065', 'address': '2522 Long Manors, North Richard, NV 42074'}
{'name': 'Nichole Lucero', 'email': 'johnstoncraig@braun.org', 'phone': '(910)300-2308', 'ssn': '394-32-6913', 'address': '471 Eric Canyon Apt. 329, New Richard, FL 63242'}
{'name': 'Melissa Sullivan', 'email': 'melissa94@kelley.com', 'phone': '371.432.9173x589', 'ssn': '680-65-8476', 'address': 'USNV Williams, FPO AP 38916'}
{'name': 'Amanda Bailey', 'email': 'petersonterri@gmail.com', 'phone': '092.190.4234', 'ssn': '823-57-3994', 'address': '069 Donna Haven Suite 758, Pamelatown, HI 27781'}
{'name': 'Crystal Gilmore', 'email': 'veronica48@gmail.com', 'phone': '811.908.1086x415', 'ssn': '889-48-9614', 'address': '7484 Melissa Oval Apt. 136, Tuckerport, KY 95616'}
{'name': 'Gerald Fletcher', 'email': 'milesbrandi@gmail.com', 'phone': '(707)392-7272x316', 'ssn': '274-96-3411', 'address': '866 Brock Locks Suite 047, Philipburgh, RI 86225'}
{'name': 'Jacob Jones', 'email': 'cjimenez@johnson.org', 'phone': '001-960-052-6310x3767', 'ssn': '039-09-3601', 'address': 'Unit 5804 Box 6487, DPO AE 54451'}
{'name': 'Lisa Williams', 'email': 'jamesmartin@lopez.com', 'phone': '081-639-3433', 'ssn': '213-50-1183', 'address': '724 Richard Garden, Sandraton, AK 76730'}
